<?xml version="1.0" encoding="UTF-8"?>
<!-- Generated by org.testng.reporters.JUnitReportReporter -->
<testsuite hostname="Seans-MBP.attlocal.net" name="testScripts.SmokeTests_OnPrem" tests="6" failures="0" timestamp="1 Jun 2017 18:03:36 GMT" time="30.079" errors="0">
  <testcase name="performSearchGetMemberCount" time="4.430" classname="testScripts.SmokeTests_OnPrem"/>
  <testcase name="performSearchGetMemberCount" time="3.936" classname="testScripts.SmokeTests_OnPrem"/>
  <testcase name="getMemberNameTitle" time="4.761" classname="testScripts.SmokeTests_OnPrem"/>
  <testcase name="performSearchGetMemberCount" time="6.152" classname="testScripts.SmokeTests_OnPrem"/>
  <testcase name="getMemberNameTitle" time="5.025" classname="testScripts.SmokeTests_OnPrem"/>
  <testcase name="getMemberNameTitle" time="5.775" classname="testScripts.SmokeTests_OnPrem"/>
</testsuite> <!-- testScripts.SmokeTests_OnPrem -->
