<?xml version="1.0" encoding="UTF-8"?>
<!-- Generated by org.testng.reporters.JUnitReportReporter -->
<testsuite hostname="Seans-MBP.attlocal.net" name="testScripts.UnitTest" tests="1" failures="0" timestamp="30 May 2017 18:29:54 GMT" time="0.472" errors="0">
  <testcase name="main" time="0.472" classname="testScripts.UnitTest"/>
</testsuite> <!-- testScripts.UnitTest -->
